<?xml version="1.0" encoding="UTF-8"?>
<testsuite name="UserRegistrationTesting" tests="1" skipped="0" failures="0" errors="0" timestamp="2023-06-21T13:07:18" hostname="GANESH" time="0.034">
  <properties/>
  <testcase name="WhenGivenLastNameFirstCharacterIsSmallThenRerturnFalse()" classname="UserRegistrationTesting" time="0.034"/>
  <system-out><![CDATA[]]></system-out>
  <system-err><![CDATA[]]></system-err>
</testsuite>
