<?xml version="1.0" encoding="UTF-8"?>
<testsuite name="UserRegistrationTesting" tests="1" skipped="0" failures="0" errors="0" timestamp="2023-06-21T19:00:36" hostname="GANESH" time="0.03">
  <properties/>
  <testcase name="WhenGivenPasswordIsNotHavingAtLeastOneUpperCaseCharacterThenReturnFalse()" classname="UserRegistrationTesting" time="0.03"/>
  <system-out><![CDATA[]]></system-out>
  <system-err><![CDATA[]]></system-err>
</testsuite>
